<?xml version="1.0" encoding="UTF-8"?>
<!-- Generated by org.testng.reporters.JUnitXMLReporter -->
<testsuite ignored="0" hostname="PL-AU-PF3Z6R40" failures="0" tests="5" name="Default test" time="6.652" errors="0" timestamp="2022-10-06T22:49:49 AEDT">
  <testcase classname="api.AccessToken" name="getAccessToken" time="4.867"/>
  <testcase classname="api.PostApiForNewToy" name="createNewToy" time="1.366"/>
  <testcase classname="api.PostApiForNewToy" name="getNewToyDetails" time="0.117"/>
  <testcase classname="api.PostApiForNewToy" name="patchingToyPrice" time="0.151"/>
  <testcase classname="api.PostApiForNewToy" name="deleteCreatedToy" time="0.082"/>
</testsuite> <!-- Default test -->
