<?xml version="1.0" encoding="UTF-8"?>
<!-- Generated by org.testng.reporters.JUnitXMLReporter -->
<testsuite ignored="0" hostname="PL-AU-PF3Z6R40" failures="3" tests="11" name="Test" time="11.891" errors="0" timestamp="2022-10-06T12:06:29 AEDT">
  <testcase classname="api.AccessToken" name="getAccessToken" time="6.002"/>
  <testcase classname="api.AccessToken" name="getAccessToken" time="0.769"/>
  <testcase classname="api.GetApiForToy" name="getApiForToy" time="0.441"/>
  <testcase classname="api.AccessToken" name="getAccessToken" time="1.203"/>
  <testcase classname="api.PostApiForNewToy" name="httpPostMethod" time="0.548"/>
  <testcase classname="api.AccessToken" name="getAccessToken" time="1.187"/>
  <testcase classname="api.GetApiForNewToy" name="getNewToyDetails" time="0.008">
    <failure type="io.restassured.path.json.exception.JsonPathException" message="Failed to parse the JSON document">
      <![CDATA[io.restassured.path.json.exception.JsonPathException: Failed to parse the JSON document
at io.restassured.path.json.JsonPath$ExceptionCatcher.invoke(JsonPath.java:1002)
at io.restassured.path.json.JsonPath$4.doParseWith(JsonPath.java:967)
at io.restassured.path.json.JsonPath$JsonParser.parseWith(JsonPath.java:1047)
at io.restassured.path.json.JsonPath.get(JsonPath.java:202)
at io.restassured.path.json.JsonPath.getInt(JsonPath.java:237)
at api.PostApiForNewToy.getId(PostApiForNewToy.java:34)
at api.GetApiForNewToy.getNewToyDetails(GetApiForNewToy.java:15)
at java.base/java.util.ArrayList.forEach(ArrayList.java:1511)
Caused by: java.lang.IllegalArgumentException: The JSON input text should neither be null nor empty.
at org.codehaus.groovy.runtime.callsite.ConstructorSite$ConstructorSiteNoUnwrapNoCoerce.callConstructor(ConstructorSite.java:108)
at org.codehaus.groovy.runtime.callsite.CallSiteArray.defaultCallConstructor(CallSiteArray.java:58)
at org.codehaus.groovy.runtime.callsite.AbstractCallSite.callConstructor(AbstractCallSite.java:263)
at org.codehaus.groovy.runtime.callsite.AbstractCallSite.callConstructor(AbstractCallSite.java:277)
at io.restassured.internal.path.json.ConfigurableJsonSlurper.parseText(ConfigurableJsonSlurper.groovy:80)
at io.restassured.path.json.JsonPath$4$1.method(JsonPath.java:965)
at io.restassured.path.json.JsonPath$ExceptionCatcher.invoke(JsonPath.java:1000)
... 34 more
... Removed 33 stack frames]]>
    </failure>
  </testcase> <!-- getNewToyDetails -->
  <testcase classname="api.AccessToken" name="getAccessToken" time="0.893"/>
  <testcase classname="api.PatchApiForCreatedToy" name="patchingToyPrice" time="0.005">
    <failure type="io.restassured.path.json.exception.JsonPathException" message="Failed to parse the JSON document">
      <![CDATA[io.restassured.path.json.exception.JsonPathException: Failed to parse the JSON document
at io.restassured.path.json.JsonPath$ExceptionCatcher.invoke(JsonPath.java:1002)
at io.restassured.path.json.JsonPath$4.doParseWith(JsonPath.java:967)
at io.restassured.path.json.JsonPath$JsonParser.parseWith(JsonPath.java:1047)
at io.restassured.path.json.JsonPath.get(JsonPath.java:202)
at io.restassured.path.json.JsonPath.getInt(JsonPath.java:237)
at api.PostApiForNewToy.getId(PostApiForNewToy.java:34)
at api.PatchApiForCreatedToy.patchingToyPrice(PatchApiForCreatedToy.java:32)
at java.base/java.util.ArrayList.forEach(ArrayList.java:1511)
Caused by: java.lang.IllegalArgumentException: The JSON input text should neither be null nor empty.
at org.codehaus.groovy.runtime.callsite.ConstructorSite$ConstructorSiteNoUnwrapNoCoerce.callConstructor(ConstructorSite.java:108)
at org.codehaus.groovy.runtime.callsite.AbstractCallSite.callConstructor(AbstractCallSite.java:277)
at io.restassured.internal.path.json.ConfigurableJsonSlurper.parseText(ConfigurableJsonSlurper.groovy:80)
at io.restassured.path.json.JsonPath$4$1.method(JsonPath.java:965)
at io.restassured.path.json.JsonPath$ExceptionCatcher.invoke(JsonPath.java:1000)
... 34 more
... Removed 33 stack frames]]>
    </failure>
  </testcase> <!-- patchingToyPrice -->
  <testcase classname="api.AccessToken" name="getAccessToken" time="0.736"/>
  <testcase classname="api.DeleteApi" name="deleteCreatedToy" time="0.002">
    <failure type="io.restassured.path.json.exception.JsonPathException" message="Failed to parse the JSON document">
      <![CDATA[io.restassured.path.json.exception.JsonPathException: Failed to parse the JSON document
at io.restassured.path.json.JsonPath$ExceptionCatcher.invoke(JsonPath.java:1002)
at io.restassured.path.json.JsonPath$4.doParseWith(JsonPath.java:967)
at io.restassured.path.json.JsonPath$JsonParser.parseWith(JsonPath.java:1047)
at io.restassured.path.json.JsonPath.get(JsonPath.java:202)
at io.restassured.path.json.JsonPath.getInt(JsonPath.java:237)
at api.PostApiForNewToy.getId(PostApiForNewToy.java:34)
at api.DeleteApi.deleteCreatedToy(DeleteApi.java:17)
at java.base/java.util.ArrayList.forEach(ArrayList.java:1511)
Caused by: java.lang.IllegalArgumentException: The JSON input text should neither be null nor empty.
at org.codehaus.groovy.runtime.callsite.ConstructorSite$ConstructorSiteNoUnwrapNoCoerce.callConstructor(ConstructorSite.java:108)
at org.codehaus.groovy.runtime.callsite.AbstractCallSite.callConstructor(AbstractCallSite.java:277)
at io.restassured.internal.path.json.ConfigurableJsonSlurper.parseText(ConfigurableJsonSlurper.groovy:80)
at io.restassured.path.json.JsonPath$4$1.method(JsonPath.java:965)
at io.restassured.path.json.JsonPath$ExceptionCatcher.invoke(JsonPath.java:1000)
... 34 more
... Removed 33 stack frames]]>
    </failure>
  </testcase> <!-- deleteCreatedToy -->
</testsuite> <!-- Test -->
